[2025-05-03 10:05:24] CREATED: Created: /Users/balaji/Documents/temp/untitled folder
[2025-05-03 10:05:29] MODIFIED: Modified: /Users/balaji/Documents/temp
[2025-05-03 10:05:29] MODIFIED: Modified: /Users/balaji/Documents/temp
[2025-05-03 10:05:29] MODIFIED: Modified: /Users/balaji/Documents/temp/.DS_Store
[2025-05-03 10:06:39] CREATED: Created: /Users/balaji/Documents/temp/untitled folder
[2025-05-03 10:06:42] MODIFIED: Modified: /Users/balaji/Documents/temp
[2025-05-03 10:06:42] MODIFIED: Modified: /Users/balaji/Documents/temp/.DS_Store
[2025-05-03 10:06:42] MODIFIED: Modified: /Users/balaji/Documents/temp
[2025-05-03 10:06:48] MODIFIED: Modified: /Users/balaji/Documents/temp/.DS_Store
[2025-05-03 10:06:48] DELETED: Deleted: /Users/balaji/Documents/temp/jdlfjas
[2025-05-03 10:06:51] MODIFIED: Modified: /Users/balaji/Documents/temp
[2025-05-03 10:06:53] MODIFIED: Modified: /Users/balaji/Documents/temp/.DS_Store
[2025-05-03 10:06:53] DELETED: Deleted: /Users/balaji/Documents/temp/dklfas
[2025-05-03 10:06:56] MODIFIED: Modified: /Users/balaji/Documents/temp
[2025-05-03 10:06:58] MODIFIED: Modified: /Users/balaji/Documents/temp/.DS_Store
[2025-10-25 15:34:48] CREATED: Created: /Users/samashruthi/Desktop/test/untitled folder
[2025-10-25 15:34:53] MODIFIED: Modified: /Users/samashruthi/Desktop/test
[2025-10-25 15:34:53] MODIFIED: Modified: /Users/samashruthi/Desktop/test
[2025-10-25 15:34:53] CREATED: Created: /Users/samashruthi/Desktop/test/.DS_Store
[2025-10-25 15:34:57] MODIFIED: Modified: /Users/samashruthi/Desktop/test
[2025-10-25 15:34:57] MODIFIED: Modified: /Users/samashruthi/Desktop/test/.DS_Store
[2025-10-25 15:34:57] MODIFIED: Modified: /Users/samashruthi/Desktop/test/sddfcvgbn
[2025-10-25 15:35:06] DELETED: Deleted: /Users/samashruthi/Desktop/test/sddfcvgbn
[2025-10-25 15:35:10] MODIFIED: Modified: /Users/samashruthi/Desktop/test
[2025-10-27 11:46:00] CREATED: Created: /Users/samashruthi/Desktop/test/untitled folder
[2025-10-27 11:46:05] MODIFIED: Modified: /Users/samashruthi/Desktop/test
[2025-10-27 11:46:05] MODIFIED: Modified: /Users/samashruthi/Desktop/test
[2025-10-27 11:46:05] MODIFIED: Modified: /Users/samashruthi/Desktop/test/adsf
[2025-10-27 11:46:05] MODIFIED: Modified: /Users/samashruthi/Desktop/test/.DS_Store
[2025-10-27 11:46:06] CREATED: Created: /Users/samashruthi/Desktop/test/untitled folder
[2025-10-27 11:46:10] MODIFIED: Modified: /Users/samashruthi/Desktop/test
[2025-10-27 11:46:10] MODIFIED: Modified: /Users/samashruthi/Desktop/test
[2025-10-27 11:46:11] MODIFIED: Modified: /Users/samashruthi/Desktop/test/untitledasdfvgbn folder
[2025-10-27 11:46:15] MODIFIED: Modified: /Users/samashruthi/Desktop/test/.DS_Store
[2025-10-27 11:46:18] CREATED: Created: /Users/samashruthi/Desktop/test/untitledasdfvgbn folder/untitled folder
[2025-10-27 11:46:23] MODIFIED: Modified: /Users/samashruthi/Desktop/test/untitledasdfvgbn folder
[2025-10-27 11:46:23] MODIFIED: Modified: /Users/samashruthi/Desktop/test/untitledasdfvgbn folder/untitled folder
[2025-10-27 11:46:23] MODIFIED: Modified: /Users/samashruthi/Desktop/test/untitledasdfvgbn folder
[2025-10-27 11:46:23] MODIFIED: Modified: /Users/samashruthi/Desktop/test/.DS_Store
[2025-10-27 11:46:23] MODIFIED: Modified: /Users/samashruthi/Desktop/test/untitledasdfvgbn folder
[2025-10-27 11:46:23] MODIFIED: Modified: /Users/samashruthi/Desktop/test/untitledasdfvgbn folder/dgchvg
[2025-10-27 11:46:25] CREATED: Created: /Users/samashruthi/Desktop/test/untitledasdfvgbn folder/.DS_Store
[2025-10-27 11:46:30] MODIFIED: Modified: /Users/samashruthi/Desktop/test/untitledasdfvgbn folder
[2025-10-27 11:46:30] MODIFIED: Modified: /Users/samashruthi/Desktop/test/untitledasdfvgbn folder/.DS_Store
[2025-10-27 11:46:30] DELETED: Deleted: /Users/samashruthi/Desktop/test/untitledasdfvgbn folder/dgchvg
[2025-10-27 11:46:34] MODIFIED: Modified: /Users/samashruthi/Desktop/test/untitledasdfvgbn folder
[2025-11-13 23:03:04] CREATED: Created: /Users/samashruthi/Desktop/test/untitled folder
[2025-11-13 23:03:09] MODIFIED: Modified: /Users/samashruthi/Desktop/test
[2025-11-13 23:03:09] MODIFIED: Modified: /Users/samashruthi/Desktop/test/.DS_Store
[2025-11-13 23:03:09] MODIFIED: Modified: /Users/samashruthi/Desktop/test
[2025-11-13 23:03:09] MODIFIED: Modified: /Users/samashruthi/Desktop/test/c
[2025-11-13 23:03:09] MODIFIED: Modified: /Users/samashruthi/Desktop/test/.DS_Store
[2025-11-13 23:03:12] DELETED: Deleted: /Users/samashruthi/Desktop/test/untitledasdfvgbn folder
[2025-11-13 23:03:17] MODIFIED: Modified: /Users/samashruthi/Desktop/test
